app/build/intermediates/manifest_merge_blame_file/debug/manifest-merger-blame-debug-report.txt
1<?xml version="1.0" encoding="utf-8"?>
2<!--
3 Copyright (c) 2010-2011, The MiCode Open Source Community (www.micode.net)
4
5     Licensed under the Apache License, Version 2.0 (the "License");
6     you may not use this file except in compliance with the License.
7     You may obtain a copy of the License at
8
9          http://www.apache.org/licenses/LICENSE-2.0
10
11     Unless required by applicable law or agreed to in writing, software
12     distributed under the License is distributed on an "AS IS" BASIS,
13     WITHOUT WARRANTIES OR CONDITIONS OF ANY KIND, either express or implied.
14     See the License for the specific language governing permissions and
15     limitations under the License.
16-->
17<manifest xmlns:android="http://schemas.android.com/apk/res/android"
18    package="net.micode.notes"
19    android:versionCode="1"
20    android:versionName="0.1" >
21
22    <uses-sdk
22-->src\main\AndroidManifest.xml:23:5-44
23        android:minSdkVersion="14"
23-->src\main\AndroidManifest.xml:23:15-41
24        android:targetSdkVersion="14" />
25
26    <!-- 权限声明    如：写入SD卡、主屏幕添加快捷方式、访问网络等 -->
27    <uses-permission android:name="android.permission.WRITE_EXTERNAL_STORAGE" />
27-->src\main\AndroidManifest.xml:26:5-81
27-->src\main\AndroidManifest.xml:26:22-78
28    <uses-permission android:name="com.android.launcher.permission.INSTALL_SHORTCUT" />
28-->src\main\AndroidManifest.xml:27:5-88
28-->src\main\AndroidManifest.xml:27:22-85
29    <uses-permission android:name="android.permission.INTERNET" />
29-->src\main\AndroidManifest.xml:28:5-67
29-->src\main\AndroidManifest.xml:28:22-64
30    <uses-permission android:name="android.permission.READ_CONTACTS" />
30-->src\main\AndroidManifest.xml:29:5-72
30-->src\main\AndroidManifest.xml:29:22-69
31    <uses-permission android:name="android.permission.MANAGE_ACCOUNTS" />
31-->src\main\AndroidManifest.xml:30:5-74
31-->src\main\AndroidManifest.xml:30:22-71
32    <uses-permission android:name="android.permission.AUTHENTICATE_ACCOUNTS" />
32-->src\main\AndroidManifest.xml:31:5-80
32-->src\main\AndroidManifest.xml:31:22-77
33    <uses-permission android:name="android.permission.GET_ACCOUNTS" />
33-->src\main\AndroidManifest.xml:32:5-71
33-->src\main\AndroidManifest.xml:32:22-68
34    <uses-permission android:name="android.permission.USE_CREDENTIALS" />
34-->src\main\AndroidManifest.xml:33:5-74
34-->src\main\AndroidManifest.xml:33:22-71
35    <uses-permission android:name="android.permission.RECEIVE_BOOT_COMPLETED" />
35-->src\main\AndroidManifest.xml:34:5-81
35-->src\main\AndroidManifest.xml:34:22-78
36    <!-- 应用主体：定义了应用图标、名称以及所有组件 -->
37    <application
37-->src\main\AndroidManifest.xml:37:5-165:19
38        android:debuggable="true"
39        android:extractNativeLibs="true"
40        android:icon="@drawable/icon_app"
40-->src\main\AndroidManifest.xml:38:9-42
41        android:label="@string/app_name"
41-->src\main\AndroidManifest.xml:39:9-41
42        android:testOnly="true" >
43
44        <!-- 主界面 -->
45        <activity
45-->src\main\AndroidManifest.xml:42:9-55:20
46            android:name="net.micode.notes.ui.NotesListActivity"
46-->src\main\AndroidManifest.xml:43:13-49
47            android:configChanges="keyboardHidden|orientation|screenSize"
47-->src\main\AndroidManifest.xml:44:13-74
48            android:label="@string/app_name"
48-->src\main\AndroidManifest.xml:45:13-45
49            android:launchMode="singleTop"
49-->src\main\AndroidManifest.xml:46:13-43
50            android:theme="@style/NoteTheme"
50-->src\main\AndroidManifest.xml:47:13-45
51            android:uiOptions="splitActionBarWhenNarrow"
51-->src\main\AndroidManifest.xml:48:13-57
52            android:windowSoftInputMode="adjustPan" >
52-->src\main\AndroidManifest.xml:49:13-52
53            <intent-filter>
53-->src\main\AndroidManifest.xml:51:13-54:29
54                <action android:name="android.intent.action.MAIN" />
54-->src\main\AndroidManifest.xml:52:17-69
54-->src\main\AndroidManifest.xml:52:25-66
55
56                <category android:name="android.intent.category.LAUNCHER" />
56-->src\main\AndroidManifest.xml:53:17-77
56-->src\main\AndroidManifest.xml:53:27-74
57            </intent-filter>
58        </activity>
59
60        <!-- 添加下面这两行 -->
61        <uses-library
61-->src\main\AndroidManifest.xml:58:9-60:40
62            android:name="org.apache.http.legacy"
62-->src\main\AndroidManifest.xml:59:13-50
63            android:required="false" />
63-->src\main\AndroidManifest.xml:60:13-37
64
65        <!-- 编辑界面 -->
66        <activity
66-->src\main\AndroidManifest.xml:63:9-91:20
67            android:name="net.micode.notes.ui.NoteEditActivity"
67-->src\main\AndroidManifest.xml:64:13-48
68            android:configChanges="keyboardHidden|orientation|screenSize"
68-->src\main\AndroidManifest.xml:65:13-74
69            android:launchMode="singleTop"
69-->src\main\AndroidManifest.xml:66:13-43
70            android:theme="@style/NoteTheme" >
70-->src\main\AndroidManifest.xml:67:13-45
71            <intent-filter android:scheme="http" >
71-->src\main\AndroidManifest.xml:69:13-74:29
71-->src\main\AndroidManifest.xml:69:28-49
72                <action android:name="android.intent.action.VIEW" />
72-->src\main\AndroidManifest.xml:70:17-69
72-->src\main\AndroidManifest.xml:70:25-66
73
74                <category android:name="android.intent.category.DEFAULT" />
74-->src\main\AndroidManifest.xml:71:17-76
74-->src\main\AndroidManifest.xml:71:27-73
75
76                <data android:mimeType="vnd.android.cursor.item/text_note" />
76-->src\main\AndroidManifest.xml:72:17-78
76-->src\main\AndroidManifest.xml:72:23-75
77                <data android:mimeType="vnd.android.cursor.item/call_note" />
77-->src\main\AndroidManifest.xml:72:17-78
77-->src\main\AndroidManifest.xml:72:23-75
78            </intent-filter>
79            <intent-filter>
79-->src\main\AndroidManifest.xml:76:13-81:29
80                <action android:name="android.intent.action.INSERT_OR_EDIT" />
80-->src\main\AndroidManifest.xml:77:17-79
80-->src\main\AndroidManifest.xml:77:25-76
81
82                <category android:name="android.intent.category.DEFAULT" />
82-->src\main\AndroidManifest.xml:71:17-76
82-->src\main\AndroidManifest.xml:71:27-73
83
84                <data android:mimeType="vnd.android.cursor.item/text_note" />
84-->src\main\AndroidManifest.xml:72:17-78
84-->src\main\AndroidManifest.xml:72:23-75
85                <data android:mimeType="vnd.android.cursor.item/call_note" />
85-->src\main\AndroidManifest.xml:72:17-78
85-->src\main\AndroidManifest.xml:72:23-75
86            </intent-filter>
87            <intent-filter>
87-->src\main\AndroidManifest.xml:83:13-86:29
88                <action android:name="android.intent.action.SEARCH" />
88-->src\main\AndroidManifest.xml:84:17-71
88-->src\main\AndroidManifest.xml:84:25-68
89
90                <category android:name="android.intent.category.DEFAULT" />
90-->src\main\AndroidManifest.xml:71:17-76
90-->src\main\AndroidManifest.xml:71:27-73
91            </intent-filter>
92
93            <meta-data
93-->src\main\AndroidManifest.xml:88:13-90:54
94                android:name="android.app.searchable"
94-->src\main\AndroidManifest.xml:89:17-54
95                android:resource="@xml/searchable" />
95-->src\main\AndroidManifest.xml:90:17-51
96        </activity>
97
98        <!-- 数据提供者   Android四大组件之一，负责管理应用用的数据库，并允许其他应用访问 -->
99        <provider
99-->src\main\AndroidManifest.xml:94:9-97:43
100            android:name="net.micode.notes.data.NotesProvider"
100-->src\main\AndroidManifest.xml:95:13-63
101            android:authorities="micode_notes"
101-->src\main\AndroidManifest.xml:96:13-47
102            android:multiprocess="true" />
102-->src\main\AndroidManifest.xml:97:13-40
103
104        <!-- 广播接收器  监听系统广播事件 -->
105        <receiver
105-->src\main\AndroidManifest.xml:100:9-112:20
106            android:name="net.micode.notes.widget.NoteWidgetProvider_2x"
106-->src\main\AndroidManifest.xml:101:13-57
107            android:label="@string/app_widget2x2" >
107-->src\main\AndroidManifest.xml:102:13-50
108            <intent-filter>
108-->src\main\AndroidManifest.xml:103:13-107:29
109                <action android:name="android.appwidget.action.APPWIDGET_UPDATE" />
109-->src\main\AndroidManifest.xml:104:17-84
109-->src\main\AndroidManifest.xml:104:25-81
110                <action android:name="android.appwidget.action.APPWIDGET_DELETED" />
110-->src\main\AndroidManifest.xml:105:17-85
110-->src\main\AndroidManifest.xml:105:25-82
111                <action android:name="android.intent.action.PRIVACY_MODE_CHANGED" />
111-->src\main\AndroidManifest.xml:106:17-85
111-->src\main\AndroidManifest.xml:106:25-82
112            </intent-filter>
113
114            <meta-data
114-->src\main\AndroidManifest.xml:109:13-111:58
115                android:name="android.appwidget.provider"
115-->src\main\AndroidManifest.xml:110:17-58
116                android:resource="@xml/widget_2x_info" />
116-->src\main\AndroidManifest.xml:111:17-55
117        </receiver>
118        <receiver
118-->src\main\AndroidManifest.xml:113:9-126:20
119            android:name="net.micode.notes.widget.NoteWidgetProvider_4x"
119-->src\main\AndroidManifest.xml:114:13-57
120            android:label="@string/app_widget4x4" >
120-->src\main\AndroidManifest.xml:115:13-50
121            <intent-filter>
121-->src\main\AndroidManifest.xml:103:13-107:29
122                <action android:name="android.appwidget.action.APPWIDGET_UPDATE" />
122-->src\main\AndroidManifest.xml:104:17-84
122-->src\main\AndroidManifest.xml:104:25-81
123                <action android:name="android.appwidget.action.APPWIDGET_DELETED" />
123-->src\main\AndroidManifest.xml:105:17-85
123-->src\main\AndroidManifest.xml:105:25-82
124                <action android:name="android.intent.action.PRIVACY_MODE_CHANGED" />
124-->src\main\AndroidManifest.xml:106:17-85
124-->src\main\AndroidManifest.xml:106:25-82
125            </intent-filter>
126
127            <meta-data
127-->src\main\AndroidManifest.xml:109:13-111:58
128                android:name="android.appwidget.provider"
128-->src\main\AndroidManifest.xml:110:17-58
129                android:resource="@xml/widget_4x_info" />
129-->src\main\AndroidManifest.xml:111:17-55
130        </receiver>
131        <receiver android:name="net.micode.notes.ui.AlarmInitReceiver" >
131-->src\main\AndroidManifest.xml:128:9-132:20
131-->src\main\AndroidManifest.xml:128:19-55
132            <intent-filter>
132-->src\main\AndroidManifest.xml:129:13-131:29
133                <action android:name="android.intent.action.BOOT_COMPLETED" />
133-->src\main\AndroidManifest.xml:130:17-79
133-->src\main\AndroidManifest.xml:130:25-76
134            </intent-filter>
135        </receiver>
136        <receiver
136-->src\main\AndroidManifest.xml:134:9-137:20
137            android:name="net.micode.notes.ui.AlarmReceiver"
137-->src\main\AndroidManifest.xml:135:13-61
138            android:process=":remote" >
138-->src\main\AndroidManifest.xml:136:13-38
139        </receiver>
140
141        <!-- 闹钟弹窗界面 -->
142        <activity
142-->src\main\AndroidManifest.xml:140:9-145:20
143            android:name="net.micode.notes.ui.AlarmAlertActivity"
143-->src\main\AndroidManifest.xml:141:13-50
144            android:label="@string/app_name"
144-->src\main\AndroidManifest.xml:142:13-45
145            android:launchMode="singleInstance"
145-->src\main\AndroidManifest.xml:143:13-48
146            android:theme="@android:style/Theme.Holo.Wallpaper.NoTitleBar" >
146-->src\main\AndroidManifest.xml:144:13-75
147        </activity>
148
149        <!-- 设置界面 -->
150        <activity
150-->src\main\AndroidManifest.xml:148:9-153:20
151            android:name="net.micode.notes.ui.NotesPreferenceActivity"
151-->src\main\AndroidManifest.xml:149:13-71
152            android:label="@string/preferences_title"
152-->src\main\AndroidManifest.xml:150:13-54
153            android:launchMode="singleTop"
153-->src\main\AndroidManifest.xml:151:13-43
154            android:theme="@android:style/Theme.Holo.Light" >
154-->src\main\AndroidManifest.xml:152:13-60
155        </activity>
156
157        <!-- 服务    后台服务，与Google Tasks进行同步 -->
158        <service
158-->src\main\AndroidManifest.xml:156:9-159:19
159            android:name="net.micode.notes.gtask.remote.GTaskSyncService"
159-->src\main\AndroidManifest.xml:157:13-74
160            android:exported="false" >
160-->src\main\AndroidManifest.xml:158:13-37
161        </service>
162
163        <!-- 默认搜索配置 -->
164        <meta-data
164-->src\main\AndroidManifest.xml:162:9-164:52
165            android:name="android.app.default_searchable"
165-->src\main\AndroidManifest.xml:163:13-58
166            android:value=".ui.NoteEditActivity" />
166-->src\main\AndroidManifest.xml:164:13-49
167    </application>
168
169</manifest><!--
170总结：
171    数据层：通过 NotesProvider 管理 SQLite 数据库。
172    界面层：包含列表、编辑、设置、闹钟弹窗等多个 Activity。
173    后台层：包含同步服务（SyncService）和闹钟管理（AlarmReceiver）。
174    扩展性：支持桌面小部件（Widget）和全局搜索。
175
176    共四个界面组件（Activity）：
177    1. NotesListActivity：主界面，显示笔记列表。
178    2. NoteEditActivity：编辑界面，处理笔记的创建和修改。
179    3. AlarmAlertActivity：闹钟弹窗界面，提醒用户。
180    4. NotesPreferenceActivity：设置界面，允许用户配置应用选项。
181    一个数据提供者（Provider）：
182    NotesProvider：管理笔记数据的存储和访问。
183    四个广播接收器（Receiver）：
184    1. NoteWidgetProvider_2x 和 NoteWidgetProvider_4x：管理桌面小部件的更新和删除。
185    2. AlarmInitReceiver：监听系统启动完成事件，初始化闹钟设置。
186    3. AlarmReceiver：处理闹钟触发事件。
187    一个服务（Service）：
188    GTaskSyncService：负责与 Google Tasks 进行数据同步。
189
190    项目的入口是 NotesListActivity。整个应用的核心交互逻辑围绕着‘列表展示’和‘单条编辑’两个页面展开，
191    同时通过 AlarmAlertActivity 实现了全屏闹钟提醒功能，架构非常清晰。
192-->